<?xml version="1.0" encoding="UTF-8"?>
<testsuite name="ComputerRepairRequestTest" tests="2" skipped="0" failures="0" errors="0" timestamp="2025-03-04T14:45:09" hostname="DESKTOP-4LRTG46" time="0.023">
  <properties/>
  <testcase name="Test Exemplu" classname="ComputerRepairRequestTest" time="0.016"/>
  <testcase name="Test Exemplu 2" classname="ComputerRepairRequestTest" time="0.005"/>
  <system-out><![CDATA[]]></system-out>
  <system-err><![CDATA[]]></system-err>
</testsuite>
